<?xml version="1.0" encoding="UTF-8"?>
<!-- Generated by org.testng.reporters.JUnitXMLReporter -->
<testsuite ignored="0" hostname="DESKTOP-4VT63TV" failures="1" tests="4" name="Test" time="0.092" errors="0" timestamp="2023-06-16T15:19:24 IST">
  <testcase classname="TestNGPrograms.Basic" name="B" time="0.005"/>
  <testcase classname="TestNGPrograms.Basic" name="B" time="0.003"/>
  <testcase classname="TestNGPrograms.Basic" name="C" time="0.018">
    <failure type="java.lang.AssertionError" message="expected [true] but found [false]">
      <![CDATA[java.lang.AssertionError: expected [true] but found [false]
at TestNGPrograms.Basic.C(Basic.java:73)
at java.base/java.util.concurrent.ThreadPoolExecutor.runWorker(ThreadPoolExecutor.java:1130)
at java.base/java.util.concurrent.ThreadPoolExecutor$Worker.run(ThreadPoolExecutor.java:630)
at java.base/java.lang.Thread.run(Thread.java:831)
... Removed 16 stack frames]]>
    </failure>
  </testcase> <!-- C -->
  <testcase classname="TestNGPrograms.Basic" name="A" time="0.0">
    <skipped/>
  </testcase> <!-- A -->
</testsuite> <!-- Test -->
